<?xml version="1.0" encoding="UTF-8"?>
<testng-results ignored="0" total="1" passed="1" failed="0" skipped="0">
  <reporter-output>
  </reporter-output>
  <suite started-at="2022-11-28T03:17:03Z" name="Default suite" finished-at="2022-11-28T03:17:05Z" duration-ms="1668">
    <groups>
    </groups>
    <test started-at="2022-11-28T03:17:03Z" name="Default test" finished-at="2022-11-28T03:17:05Z" duration-ms="1668">
      <class name="datareadingfromjason">
        <test-method signature="POST()[pri:0, instance:datareadingfromjason@7d286fb6]" started-at="2022-11-28T03:17:03Z" name="POST" finished-at="2022-11-28T03:17:05Z" duration-ms="1645" status="PASS">
          <reporter-output>
          </reporter-output>
        </test-method> <!-- POST -->
      </class> <!-- datareadingfromjason -->
    </test> <!-- Default test -->
  </suite> <!-- Default suite -->
</testng-results>
